info it worked if it ends with ok
verbose cli [ 'node', '/usr/bin/npm', 'install', 'coffee', 'v1.1.2' ]
info using npm@1.0.17
info using node@v0.4.11
verbose config file /Users/luckytiffany/.npmrc
verbose config file /usr/etc/npmrc
verbose into /Users/luckytiffany/LONI/loni/javascripts [ 'coffee', 'v1.1.2' ]
verbose cache add [ 'coffee', null ]
verbose cache add [ 'v1.1.2', null ]
info addNamed [ 'coffee', '' ]
verbose addNamed [ null, '' ]
info addNamed [ 'v1.1.2', '' ]
verbose addNamed [ null, '' ]
verbose GET coffee
verbose raw, before any munging coffee
verbose url resolving [ 'http://registry.npmjs.org/', './coffee' ]
verbose url resolved http://registry.npmjs.org/coffee
verbose url parsed { protocol: 'http:',
verbose url parsed   slashes: true,
verbose url parsed   host: 'registry.npmjs.org',
verbose url parsed   hostname: 'registry.npmjs.org',
verbose url parsed   href: 'http://registry.npmjs.org/coffee',
verbose url parsed   pathname: '/coffee' }
verbose GET v1.1.2
verbose raw, before any munging v1.1.2
verbose url resolving [ 'http://registry.npmjs.org/', './v1.1.2' ]
verbose url resolved http://registry.npmjs.org/v1.1.2
verbose url parsed { protocol: 'http:',
verbose url parsed   slashes: true,
verbose url parsed   host: 'registry.npmjs.org',
verbose url parsed   hostname: 'registry.npmjs.org',
verbose url parsed   href: 'http://registry.npmjs.org/v1.1.2',
verbose url parsed   pathname: '/v1.1.2' }
verbose response http://registry.npmjs.org/v1.1.2
silly chunk {"error":"not_found","reason":"document not found"}
silly chunk 
silly get cb [ 404,
silly get cb   { server: 'CouchDB/1.1.0 (Erlang OTP/R14B04)',
silly get cb     date: 'Thu, 10 Nov 2011 02:05:07 GMT',
silly get cb     'content-type': 'application/json',
silly get cb     'content-length': '52',
silly get cb     'cache-control': 'must-revalidate' } ]
ERR! 404 'v1.1.2' is not in the npm registry.
ERR! 404 You should bug the author to publish it.
ERR! 404 Note that you can also install from a tarball or folder.
ERR! 
ERR! System Darwin 11.2.0
ERR! command "node" "/usr/bin/npm" "install" "coffee" "v1.1.2"
ERR! cwd /Users/luckytiffany/LONI/loni/javascripts
ERR! node -v v0.4.11
ERR! npm -v 1.0.17
verbose exit [ 1, true ]
